<?xml version="1.0" encoding="UTF-8"?>
<testng-results ignored="0" total="4" passed="4" failed="0" skipped="0">
  <reporter-output>
  </reporter-output>
  <suite started-at="2024-10-24T13:35:17 IST" name="Default suite" finished-at="2024-10-24T13:35:53 IST" duration-ms="35872">
    <groups>
    </groups>
    <test started-at="2024-10-24T13:35:17 IST" name="Default test" finished-at="2024-10-24T13:35:53 IST" duration-ms="35872">
      <class name="dataProvider.ToLearnDataProvider">
        <test-method signature="login([Ljava.lang.String;)[pri:0, instance:dataProvider.ToLearnDataProvider@3427b02d]" started-at="2024-10-24T13:35:17 IST" name="login" data-provider="dataProvider" finished-at="2024-10-24T13:35:28 IST" duration-ms="10429" status="PASS">
          <params>
            <param index="0">
              <value>
                <![CDATA[[Ljava.lang.String;@5149f008]]>
              </value>
            </param>
          </params>
          <reporter-output>
          </reporter-output>
        </test-method> <!-- login -->
        <test-method signature="login([Ljava.lang.String;)[pri:0, instance:dataProvider.ToLearnDataProvider@3427b02d]" started-at="2024-10-24T13:35:28 IST" name="login" data-provider="dataProvider" finished-at="2024-10-24T13:35:37 IST" duration-ms="9296" status="PASS">
          <params>
            <param index="0">
              <value>
                <![CDATA[[Ljava.lang.String;@158d255c]]>
              </value>
            </param>
          </params>
          <reporter-output>
          </reporter-output>
        </test-method> <!-- login -->
        <test-method signature="login([Ljava.lang.String;)[pri:0, instance:dataProvider.ToLearnDataProvider@3427b02d]" started-at="2024-10-24T13:35:37 IST" name="login" data-provider="dataProvider" finished-at="2024-10-24T13:35:45 IST" duration-ms="8258" status="PASS">
          <params>
            <param index="0">
              <value>
                <![CDATA[[Ljava.lang.String;@525d79f0]]>
              </value>
            </param>
          </params>
          <reporter-output>
          </reporter-output>
        </test-method> <!-- login -->
        <test-method signature="login([Ljava.lang.String;)[pri:0, instance:dataProvider.ToLearnDataProvider@3427b02d]" started-at="2024-10-24T13:35:45 IST" name="login" data-provider="dataProvider" finished-at="2024-10-24T13:35:53 IST" duration-ms="7850" status="PASS">
          <params>
            <param index="0">
              <value>
                <![CDATA[[Ljava.lang.String;@7072bc39]]>
              </value>
            </param>
          </params>
          <reporter-output>
          </reporter-output>
        </test-method> <!-- login -->
      </class> <!-- dataProvider.ToLearnDataProvider -->
    </test> <!-- Default test -->
  </suite> <!-- Default suite -->
</testng-results>
