<?xml version="1.0" encoding="UTF-8"?>
<!-- Generated by org.testng.reporters.JUnitXMLReporter -->
<testsuite ignored="0" hostname="RAY" failures="0" tests="4" name="Default test" time="35.872" errors="0" timestamp="2024-10-24T13:35:53 IST">
  <testcase classname="dataProvider.ToLearnDataProvider" name="login" time="10.429"/>
  <testcase classname="dataProvider.ToLearnDataProvider" name="login" time="9.296"/>
  <testcase classname="dataProvider.ToLearnDataProvider" name="login" time="8.258"/>
  <testcase classname="dataProvider.ToLearnDataProvider" name="login" time="7.85"/>
</testsuite> <!-- Default test -->
