<?xml version="1.0" encoding="UTF-8"?>
<!-- Generated by org.testng.reporters.JUnitXMLReporter -->
<testsuite ignored="2" hostname="RAY" failures="0" tests="2" name="Test" time="14.218" errors="0" timestamp="2024-10-18T13:50:59 IST">
  <testcase classname="cars.Lamborghini" name="launch" time="5.658"/>
  <testcase classname="cars.Ferrari" name="launch" time="8.515"/>
  <testcase classname="cars.Roycemotorcars" name="launch" time="0.0">
    <ignored/>
  </testcase> <!-- launch -->
  <testcase classname="cars.Jaguar" name="launch" time="0.0">
    <ignored/>
  </testcase> <!-- launch -->
</testsuite> <!-- Test -->
